In archive libavrcyclon.a:

libavrcyclon.o:     file format elf32-avr

Sections:
Idx Name          Size      VMA       LMA       File off  Algn
  0 .text         00000000  00000000  00000000  00000034  2**0
                  CONTENTS, ALLOC, LOAD, READONLY, CODE
  1 .data         00000000  00000000  00000000  00000034  2**0
                  CONTENTS, ALLOC, LOAD, DATA
  2 .bss          00000000  00000000  00000000  00000034  2**0
                  ALLOC
  3 .text.cyclon_dummy 00000004  00000000  00000000  00000034  2**0
                  CONTENTS, ALLOC, LOAD, RELOC, READONLY, CODE
  4 .debug_info   0000004c  00000000  00000000  00000038  2**0
                  CONTENTS, RELOC, READONLY, DEBUGGING
  5 .debug_abbrev 0000004d  00000000  00000000  00000084  2**0
                  CONTENTS, READONLY, DEBUGGING
  6 .debug_aranges 00000020  00000000  00000000  000000d1  2**0
                  CONTENTS, RELOC, READONLY, DEBUGGING
  7 .debug_ranges 00000010  00000000  00000000  000000f1  2**0
                  CONTENTS, RELOC, READONLY, DEBUGGING
  8 .debug_line   0000006f  00000000  00000000  00000101  2**0
                  CONTENTS, RELOC, READONLY, DEBUGGING
  9 .debug_str    000000b8  00000000  00000000  00000170  2**0
                  CONTENTS, READONLY, DEBUGGING
 10 .comment      00000012  00000000  00000000  00000228  2**0
                  CONTENTS, READONLY
 11 .debug_frame  00000024  00000000  00000000  0000023c  2**2
                  CONTENTS, RELOC, READONLY, DEBUGGING

Disassembly of section .text.cyclon_dummy:

00000000 <cyclon_dummy>:
 */
void 
cyclon_dummy(void)
{

	helper_dummy();
   0:	0c 94 00 00 	jmp	0	; 0x0 <cyclon_dummy>
