In archive libavrhelper.a:

libavrhelper.o:     file format elf32-avr

Sections:
Idx Name          Size      VMA       LMA       File off  Algn
  0 .text         00000000  00000000  00000000  00000034  2**0
                  CONTENTS, ALLOC, LOAD, READONLY, CODE
  1 .data         00000000  00000000  00000000  00000034  2**0
                  CONTENTS, ALLOC, LOAD, DATA
  2 .bss          00000000  00000000  00000000  00000034  2**0
                  ALLOC
  3 .text.helper_dummy 00000002  00000000  00000000  00000034  2**0
                  CONTENTS, ALLOC, LOAD, READONLY, CODE
  4 .debug_info   00000037  00000000  00000000  00000036  2**0
                  CONTENTS, RELOC, READONLY, DEBUGGING
  5 .debug_abbrev 0000002c  00000000  00000000  0000006d  2**0
                  CONTENTS, READONLY, DEBUGGING
  6 .debug_aranges 00000020  00000000  00000000  00000099  2**0
                  CONTENTS, RELOC, READONLY, DEBUGGING
  7 .debug_ranges 00000010  00000000  00000000  000000b9  2**0
                  CONTENTS, RELOC, READONLY, DEBUGGING
  8 .debug_line   0000003e  00000000  00000000  000000c9  2**0
                  CONTENTS, RELOC, READONLY, DEBUGGING
  9 .debug_str    000000ab  00000000  00000000  00000107  2**0
                  CONTENTS, READONLY, DEBUGGING
 10 .comment      00000012  00000000  00000000  000001b2  2**0
                  CONTENTS, READONLY
 11 .debug_frame  00000024  00000000  00000000  000001c4  2**2
                  CONTENTS, RELOC, READONLY, DEBUGGING

Disassembly of section .text.helper_dummy:

00000000 <helper_dummy>:
/*
 * -> dummy function
 */
void 
helper_dummy(void)
{
   0:	08 95       	ret
